Change Component Designator: Old Designator=C1 New Designator=C139
Change Component Designator: Old Designator=C2 New Designator=C140
Change Component Designator: Old Designator=C3 New Designator=C141
Change Component Designator: Old Designator=C4 New Designator=C142
Change Component Designator: Old Designator=C5 New Designator=C143
Change Component Designator: Old Designator=C6 New Designator=C144
Change Component Designator: Old Designator=C7 New Designator=C145
Change Component Designator: Old Designator=C8 New Designator=C146
Change Component Designator: Old Designator=C9 New Designator=C147
Change Component Designator: Old Designator=C10 New Designator=C148
Change Component Designator: Old Designator=C11 New Designator=C149
Change Component Designator: Old Designator=C12 New Designator=C150
Change Component Designator: Old Designator=D1 New Designator=D100
Change Component Designator: Old Designator=D2 New Designator=D101
Change Component Designator: Old Designator=D3 New Designator=D102
Change Component Designator: Old Designator=D4 New Designator=D103
Change Component Designator: Old Designator=F1 New Designator=F102
Change Component Designator: Old Designator=F2 New Designator=F103
Change Component Designator: Old Designator=R1 New Designator=R142
Change Component Designator: Old Designator=R2 New Designator=R143
Change Component Designator: Old Designator=R3 New Designator=R144
Change Component Designator: Old Designator=R4 New Designator=R145
Change Component Designator: Old Designator=R5 New Designator=R146
Change Component Designator: Old Designator=R6 New Designator=R147
Change Component Designator: Old Designator=R7 New Designator=R148
Change Component Designator: Old Designator=R8 New Designator=R149
Change Component Designator: Old Designator=U1 New Designator=U103
Change Component Designator: Old Designator=U2 New Designator=U104
