Change Component Designator: OldDesignator=C1 NewDesignator=C139
Change Component Designator: OldDesignator=C2 NewDesignator=C140
Change Component Designator: OldDesignator=C3 NewDesignator=C141
Change Component Designator: OldDesignator=C4 NewDesignator=C142
Change Component Designator: OldDesignator=C5 NewDesignator=C143
Change Component Designator: OldDesignator=C6 NewDesignator=C144
Change Component Designator: OldDesignator=C7 NewDesignator=C145
Change Component Designator: OldDesignator=C8 NewDesignator=C146
Change Component Designator: OldDesignator=C9 NewDesignator=C147
Change Component Designator: OldDesignator=C10 NewDesignator=C148
Change Component Designator: OldDesignator=C11 NewDesignator=C149
Change Component Designator: OldDesignator=C12 NewDesignator=C150
Change Component Designator: OldDesignator=C13 NewDesignator=C151
Change Component Designator: OldDesignator=C14 NewDesignator=C152
Change Component Designator: OldDesignator=C15 NewDesignator=C153
Change Component Designator: OldDesignator=C16 NewDesignator=C154
Change Component Designator: OldDesignator=D1 NewDesignator=D100
Change Component Designator: OldDesignator=D2 NewDesignator=D101
Change Component Designator: OldDesignator=D3 NewDesignator=D102
Change Component Designator: OldDesignator=D4 NewDesignator=D103
Change Component Designator: OldDesignator=D5 NewDesignator=D104
Change Component Designator: OldDesignator=D6 NewDesignator=D105
Change Component Designator: OldDesignator=F1 NewDesignator=F102
Change Component Designator: OldDesignator=F2 NewDesignator=F103
Change Component Designator: OldDesignator=J1 NewDesignator=J101
Change Component Designator: OldDesignator=J2 NewDesignator=J102
Change Component Designator: OldDesignator=J3 NewDesignator=J103
Change Component Designator: OldDesignator=J4 NewDesignator=J104
Change Component Designator: OldDesignator=J5 NewDesignator=J105
Change Component Designator: OldDesignator=J6 NewDesignator=J106
Change Component Designator: OldDesignator=R1 NewDesignator=R142
Change Component Designator: OldDesignator=R2 NewDesignator=R143
Change Component Designator: OldDesignator=R3 NewDesignator=R144
Change Component Designator: OldDesignator=R4 NewDesignator=R145
Change Component Designator: OldDesignator=R5 NewDesignator=R146
Change Component Designator: OldDesignator=R6 NewDesignator=R147
Change Component Designator: OldDesignator=R7 NewDesignator=R148
Change Component Designator: OldDesignator=R8 NewDesignator=R149
Change Component Designator: OldDesignator=R9 NewDesignator=R150
Change Component Designator: OldDesignator=R10 NewDesignator=R151
Change Component Designator: OldDesignator=R11 NewDesignator=R152
Change Component Designator: OldDesignator=R12 NewDesignator=R153
Change Component Designator: OldDesignator=R13 NewDesignator=R154
Change Component Designator: OldDesignator=R14 NewDesignator=R155
Change Component Designator: OldDesignator=R15 NewDesignator=R156
Change Component Designator: OldDesignator=R16 NewDesignator=R157
Change Component Designator: OldDesignator=R17 NewDesignator=R158
Change Component Designator: OldDesignator=R18 NewDesignator=R159
Change Component Designator: OldDesignator=SW1 NewDesignator=SW100
Change Component Designator: OldDesignator=SW2 NewDesignator=SW101
Change Component Designator: OldDesignator=T1 NewDesignator=T100
Change Component Designator: OldDesignator=U1 NewDesignator=U103
Change Component Designator: OldDesignator=U2 NewDesignator=U104
Change Component Designator: OldDesignator=U3 NewDesignator=U105
Change Net Name : Old Net Name=NetC2_2 New Net Name=NetC140_2
Change Net Name : Old Net Name=NetC6_2 New Net Name=NetC144_2
Change Net Name : Old Net Name=NetC8_2 New Net Name=NetC146_2
Change Net Name : Old Net Name=NetC12_2 New Net Name=NetC150_2
Change Net Name : Old Net Name=NetD1_2 New Net Name=NetD100_2
Change Net Name : Old Net Name=NetD2_2 New Net Name=NetD101_2
Change Net Name : Old Net Name=NetD3_2 New Net Name=NetD102_2
Change Net Name : Old Net Name=NetD4_2 New Net Name=NetD103_2
Change Net Name : Old Net Name=NetD5_1 New Net Name=NetD104_1
Change Net Name : Old Net Name=NetD6_1 New Net Name=NetD105_1
Change Net Name : Old Net Name=NetJ3_1 New Net Name=NetJ103_1
Change Net Name : Old Net Name=NetJ5_2 New Net Name=NetJ105_2
Change Net Name : Old Net Name=NetJ5_4 New Net Name=NetJ105_4
Change Net Name : Old Net Name=NetJ5_6 New Net Name=NetJ105_6
Change Net Name : Old Net Name=NetJ5_10 New Net Name=NetJ105_10
Change Net Name : Old Net Name=NetR1_2 New Net Name=NetR142_2
Change Net Name : Old Net Name=NetR2_2 New Net Name=NetR143_2
Change Net Name : Old Net Name=NetR5_2 New Net Name=NetR146_2
Change Net Name : Old Net Name=NetR6_2 New Net Name=NetR147_2
Change Net Name : Old Net Name=NetR14_1 New Net Name=NetR155_1
Change Net Name : Old Net Name=NetR15_1 New Net Name=NetR156_1
Change Net Name : Old Net Name=NetSW2_1 New Net Name=NetSW101_1
Change Net Name : Old Net Name=NetT1_1 New Net Name=NetT100_1
Change Net Name : Old Net Name=NetU1_1 New Net Name=NetU103_1
Change Net Name : Old Net Name=NetU1_17 New Net Name=NetU103_17
Change Net Name : Old Net Name=NetU2_1 New Net Name=NetU104_1
Change Net Name : Old Net Name=NetU2_17 New Net Name=NetU104_17
