Change Component Designator: OldDesignator=C102 NewDesignator=C103
Change Component Designator: OldDesignator=C103 NewDesignator=C104
Change Component Designator: OldDesignator=C104 NewDesignator=C105
Change Component Designator: OldDesignator=C105 NewDesignator=C106
Change Component Designator: OldDesignator=C106 NewDesignator=C107
Change Component Designator: OldDesignator=C107 NewDesignator=C108
Change Component Designator: OldDesignator=C108 NewDesignator=C109
Change Component Designator: OldDesignator=C109 NewDesignator=C110
Change Component Designator: OldDesignator=C110 NewDesignator=C112
Change Component Designator: OldDesignator=C111 NewDesignator=C113
Change Component Designator: OldDesignator=C112 NewDesignator=C114
Change Component Designator: OldDesignator=C113 NewDesignator=C115
Change Component Designator: OldDesignator=C114 NewDesignator=C116
Change Component Designator: OldDesignator=C115 NewDesignator=C117
Change Component Designator: OldDesignator=C116 NewDesignator=C118
Change Component Designator: OldDesignator=C117 NewDesignator=C119
Change Component Designator: OldDesignator=C118 NewDesignator=C120
Change Component Designator: OldDesignator=C119 NewDesignator=C121
Change Component Designator: OldDesignator=C120 NewDesignator=C122
Change Component Designator: OldDesignator=C121 NewDesignator=C123
Change Component Designator: OldDesignator=C122 NewDesignator=C124
Change Component Designator: OldDesignator=C123 NewDesignator=C125
Change Component Designator: OldDesignator=C124 NewDesignator=C126
Change Component Designator: OldDesignator=C125 NewDesignator=C127
Change Component Designator: OldDesignator=C126 NewDesignator=C128
Change Component Designator: OldDesignator=C127 NewDesignator=C129
Change Component Designator: OldDesignator=C128 NewDesignator=C130
Change Component Designator: OldDesignator=C129 NewDesignator=C131
Change Component Designator: OldDesignator=C130 NewDesignator=C132
Change Component Designator: OldDesignator=C131 NewDesignator=C133
Change Component Designator: OldDesignator=C132 NewDesignator=C134
Change Component Designator: OldDesignator=C133 NewDesignator=C135
Change Component Designator: OldDesignator=C134 NewDesignator=C136
Change Component Designator: OldDesignator=C135 NewDesignator=C137
Change Component Designator: OldDesignator=C136 NewDesignator=C138
Change Component Designator: OldDesignator=C137 NewDesignator=C139
Change Component Designator: OldDesignator=C138 NewDesignator=C140
Change Component Designator: OldDesignator=C139 NewDesignator=C141
Change Component Designator: OldDesignator=C140 NewDesignator=C142
Change Component Designator: OldDesignator=C141 NewDesignator=C143
Change Component Designator: OldDesignator=C142 NewDesignator=C144
Change Component Designator: OldDesignator=C143 NewDesignator=C145
Change Component Designator: OldDesignator=C144 NewDesignator=C146
Change Component Designator: OldDesignator=C145 NewDesignator=C147
Change Component Designator: OldDesignator=C146 NewDesignator=C148
Change Component Designator: OldDesignator=C147 NewDesignator=C149
Change Component Designator: OldDesignator=C148 NewDesignator=C150
Change Component Designator: OldDesignator=C149 NewDesignator=C151
Change Component Designator: OldDesignator=C150 NewDesignator=C152
Change Component Designator: OldDesignator=C151 NewDesignator=C153
Change Component Designator: OldDesignator=C152 NewDesignator=C154
Change Component Designator: OldDesignator=C153 NewDesignator=C155
Change Component Designator: OldDesignator=C154 NewDesignator=C156
Added Component: Designator=C102(C0402)
Add component (AddParameter): Name = "Value"; Value = "100nF"; VariantName = "[No Variations]"
Added Component: Designator=C111(C0402)
Add component (AddParameter): Name = "Value"; Value = "100nF"; VariantName = "[No Variations]"
Added Pin To Net: NetName=GND Pin=C102-1
Added Pin To Net: NetName=+3V3 Pin=C102-2
Added Pin To Net: NetName=GND Pin=C111-1
Added Pin To Net: NetName=NetC108_2 Pin=C111-2
Change Net Name : Old Net Name=NetC108_2 New Net Name=NetC109_2
Change Net Name : Old Net Name=NetC114_2 New Net Name=NetC116_2
Change Net Name : Old Net Name=NetC115_2 New Net Name=NetC117_2
Change Net Name : Old Net Name=NetC116_2 New Net Name=NetC118_2
Change Net Name : Old Net Name=NetC117_2 New Net Name=NetC119_2
Change Net Name : Old Net Name=NetC129_2 New Net Name=NetC131_2
Change Net Name : Old Net Name=NetC133_2 New Net Name=NetC135_2
Change Net Name : Old Net Name=NetC135_2 New Net Name=NetC137_2
Change Net Name : Old Net Name=NetC136_2 New Net Name=NetC138_2
Change Net Name : Old Net Name=NetC137_2 New Net Name=NetC139_2
Change Net Name : Old Net Name=NetC138_2 New Net Name=NetC140_2
Change Net Name : Old Net Name=NetC140_2 New Net Name=NetC142_2
Change Net Name : Old Net Name=NetC144_2 New Net Name=NetC146_2
Change Net Name : Old Net Name=NetC146_2 New Net Name=NetC148_2
Change Net Name : Old Net Name=NetC150_2 New Net Name=NetC152_2
Added Member To Class: ClassName=CPU POWER Member=Component C116 04023C103KAT2A
Added Member To Class: ClassName=CPU POWER Member=Component C117 04023C103KAT2A
