Added Pin To Net: NetName=DRAM_CS Pin=R103-1
Change Net Color : Old Net Color=RGB(214, 38, 84) New Net Color=Default
Change Net Color : Old Net Color=RGB(214, 38, 84) New Net Color=Default
Change Net Color : Old Net Color=RGB(214, 38, 84) New Net Color=Default
Change Net Color : Old Net Color=RGB(214, 38, 84) New Net Color=Default
Change Net Color : Old Net Color=RGB(214, 38, 84) New Net Color=Default
Change Net Color : Old Net Color=RGB(214, 38, 84) New Net Color=Default
Change Net Color : Old Net Color=RGB(214, 38, 84) New Net Color=Default
Change Net Color : Old Net Color=RGB(214, 38, 84) New Net Color=Default
Change Net Color : Old Net Color=RGB(214, 38, 84) New Net Color=Default
Change Net Color : Old Net Color=RGB(214, 38, 84) New Net Color=Default
Change Net Color : Old Net Color=RGB(214, 38, 84) New Net Color=Default
Change Net Color : Old Net Color=RGB(214, 38, 84) New Net Color=Default
Change Net Color : Old Net Color=RGB(214, 38, 84) New Net Color=Default
Change Net Color : Old Net Color=RGB(214, 38, 84) New Net Color=Default
Change Net Color : Old Net Color=RGB(214, 38, 84) New Net Color=Default
Change Net Color : Old Net Color=RGB(214, 38, 84) New Net Color=Default
Change Net Color : Old Net Color=RGB(214, 38, 84) New Net Color=Default
Change Net Color : Old Net Color=RGB(214, 38, 84) New Net Color=Default
Change Net Color : Old Net Color=RGB(214, 38, 84) New Net Color=Default
Change Net Color : Old Net Color=RGB(214, 38, 84) New Net Color=Default
Change Net Color : Old Net Color=RGB(214, 38, 84) New Net Color=Default
Change Net Color : Old Net Color=RGB(214, 38, 84) New Net Color=Default
Change Net Color : Old Net Color=RGB(214, 38, 84) New Net Color=Default
Change Net Color : Old Net Color=RGB(214, 38, 84) New Net Color=Default
Change Net Color : Old Net Color=RGB(214, 38, 84) New Net Color=Default
Change Net Color : Old Net Color=RGB(214, 38, 84) New Net Color=Default
Change Net Color : Old Net Color=RGB(214, 38, 84) New Net Color=Default
Change Net Color : Old Net Color=RGB(214, 38, 84) New Net Color=Default
Change Net Color : Old Net Color=RGB(214, 38, 84) New Net Color=Default
Change Net Color : Old Net Color=RGB(214, 38, 84) New Net Color=Default
Change Net Color : Old Net Color=RGB(214, 38, 84) New Net Color=Default
Change Net Color : Old Net Color=RGB(214, 38, 84) New Net Color=Default
Change Net Color : Old Net Color=RGB(214, 38, 84) New Net Color=Default
Change Net Color : Old Net Color=RGB(214, 38, 84) New Net Color=Default
Change Net Color : Old Net Color=RGB(214, 38, 84) New Net Color=Default
Change Net Color : Old Net Color=RGB(214, 38, 84) New Net Color=Default
Change Net Color : Old Net Color=RGB(214, 38, 84) New Net Color=Default
Change Net Color : Old Net Color=RGB(214, 38, 84) New Net Color=Default
Change Net Color : Old Net Color=RGB(214, 38, 84) New Net Color=Default
Added Pin To Net: NetName=NetR132_2 Pin=R132-2
Added Pin To Net: NetName=NetR132_2 Pin=U101-19
Added Net: Name=NetR132_2
