Removed Member From Class: ClassName=CPU IO Member=C128
Removed Member From Class: ClassName=CPU IO Member=C137
Removed Member From Class: ClassName=DRAM Member=C137
Removed Member From Class: ClassName=ETHERNET Member=C153
Removed Member From Class: ClassName=SD CARD Member=C157
Removed Member From Class: ClassName=SD CARD Member=C158
Removed Member From Class: ClassName=USB Member=C158
Removed Member From Class: ClassName=CPU IO Member=X101
Change Component Footprint: Designator=J101 Old Footprint=47219-2001 New Footprint=SD card push push
Change Component Designator: OldDesignator=R165 NewDesignator=R166
Change Component Designator: OldDesignator=R166 NewDesignator=R167
Change Component Designator: OldDesignator=R167 NewDesignator=R168
Change Component Designator: OldDesignator=R168 NewDesignator=R169
Change Component Designator: OldDesignator=R169 NewDesignator=R170
Change Component Designator: OldDesignator=R170 NewDesignator=R171
Added Component: Designator=R165(R0402)
Add component (AddParameter): Name = "Value"; Value = "1K"; VariantName = "[No Variations]"
Added Pin To Net: NetName=GND Pin=R165-1
Change Net Name : Old Net Name=NetR165_1 New Net Name=NetR166_1
Change Net Name : Old Net Name=NetR166_1 New Net Name=NetR167_1
Change Net Name : Old Net Name=NetR167_1 New Net Name=NetR168_1
Added Pin To Net: NetName=NetJ101_6 Pin=J101-6
Added Pin To Net: NetName=NetJ101_6 Pin=R165-2
Added Net: Name=NetJ101_6
Added Member To Class: ClassName=CPU POWER Member=Component C111 04023C103KAT2A
Added Member To Class: ClassName=CPU IO Member=Component C120 04023C103KAT2A
Added Member To Class: ClassName=CPU IO Member=Component C121 04023C103KAT2A
Added Member To Class: ClassName=DRAM Member=Component C122 04023C103KAT2A
Added Member To Class: ClassName=DRAM Member=Component C123 04023C103KAT2A
Added Member To Class: ClassName=DRAM Member=Component C124 04023C103KAT2A
Added Member To Class: ClassName=DRAM Member=Component C125 04023C103KAT2A
Added Member To Class: ClassName=DRAM Member=Component C126 04023C103KAT2A
Added Member To Class: ClassName=DRAM Member=Component C127 04023C103KAT2A
Added Member To Class: ClassName=DRAM Member=Component C129 04023C103KAT2A
Added Member To Class: ClassName=ETHERNET Member=Component C130 02016D104KAT2A
Added Member To Class: ClassName=ETHERNET Member=Component C131 04023C103KAT2A
Added Member To Class: ClassName=ETHERNET Member=Component C132 04023C103KAT2A
Added Member To Class: ClassName=ETHERNET Member=Component C133 02016D104KAT2A
Added Member To Class: ClassName=ETHERNET Member=Component C134 04023C103KAT2A
Added Member To Class: ClassName=ETHERNET Member=Component C135 04023C103KAT2A
Added Member To Class: ClassName=ETHERNET Member=Component C136 02016D104KAT2A
Added Member To Class: ClassName=ETHERNET Member=Component C138 02016D104KAT2A
Added Member To Class: ClassName=ETHERNET Member=Component C139 04023C103KAT2A
Added Member To Class: ClassName=ETHERNET Member=Component C140 04023C103KAT2A
Added Member To Class: ClassName=ETHERNET Member=Component C141 04023C103KAT2A
Added Member To Class: ClassName=USB Member=Component C143 04023C103KAT2A
Added Member To Class: ClassName=USB Member=Component C144 02016D104KAT2A
Added Member To Class: ClassName=USB Member=Component C145 04023C103KAT2A
Added Member To Class: ClassName=USB Member=Component C146 04023C103KAT2A
Added Member To Class: ClassName=USB Member=Component C147 04023C103KAT2A
Added Member To Class: ClassName=USB Member=Component C148 04023C103KAT2A
Added Member To Class: ClassName=USB Member=Component C149 04023C103KAT2A
Added Member To Class: ClassName=USB Member=Component C150 02016D104KAT2A
Added Member To Class: ClassName=USB Member=Component C151 04023C103KAT2A
Added Member To Class: ClassName=USB Member=Component C152 04023C103KAT2A
Added Member To Class: ClassName=USB Member=Component C154 04023C103KAT2A
Added Member To Class: ClassName=SD CARD Member=Component C155 02016D104KAT2A
Added Member To Class: ClassName=SD CARD Member=Component C156 04023C103KAT2A
Added Member To Class: ClassName=SD CARD Member=Component R165 CRCW04020000Z0ED
Added Member To Class: ClassName=CPU IO Member=Component X100 12MHz
