Removed Pin From Net: NetName=DRAM_CAS Pin=R134-2
Removed Pin From Net: NetName=DRAM_CAS Pin=U101-18
Removed Member From Class: ClassName=DRAM Member=R147
Removed Member From Class: ClassName=DRAM Member=R149
Removed Member From Class: ClassName=DRAM Member=R151
Removed Member From Class: ClassName=DRAM Member=R161
Removed Member From Class: ClassName=ETHERNET Member=R161
Removed Member From Class: ClassName=USB Member=R161
Removed Member From Class: ClassName=DRAM Member=R162
Removed Member From Class: ClassName=ETHERNET Member=R162
Removed Member From Class: ClassName=USB Member=R162
Removed Member From Class: ClassName=DRAM Member=R163
Removed Member From Class: ClassName=ETHERNET Member=R163
Removed Member From Class: ClassName=USB Member=R163
Removed Member From Class: ClassName=DRAM Member=R164
Removed Member From Class: ClassName=ETHERNET Member=R164
Removed Member From Class: ClassName=USB Member=R164
Removed Member From Class: ClassName=ETHERNET Member=R165
Removed Member From Class: ClassName=USB Member=R165
Removed Member From Class: ClassName=DRAM Member=R166
Removed Member From Class: ClassName=ETHERNET Member=R166
Removed Member From Class: ClassName=USB Member=R166
Removed Member From Class: ClassName=ETHERNET Member=R168
Removed Member From Class: ClassName=USB Member=R168
Removed Member From Class: ClassName=DRAM Member=R169
Removed Member From Class: ClassName=ETHERNET Member=R169
Removed Member From Class: ClassName=USB Member=R169
Removed Member From Class: ClassName=ETHERNET Member=R170
Removed Member From Class: ClassName=SD CARD Member=R170
Added Pin To Net: NetName=DRAM_RAS Pin=R134-2
Added Pin To Net: NetName=DRAM_RAS Pin=U101-18
Added Net: Name=DRAM_RAS
Added Member To Class: ClassName=ETHERNET Member=Component C133 04023C103KAT2A
Added Member To Class: ClassName=ETHERNET Member=Component C134 02016D104KAT2A
Added Member To Class: ClassName=DRAM Member=Component R132 CRCW04020000Z0ED
Added Member To Class: ClassName=DRAM Member=Component R133 CRCW04020000Z0ED
Added Member To Class: ClassName=DRAM Member=Component R134 CRCW04020000Z0ED
Added Member To Class: ClassName=DRAM Member=Component R135 CRCW04020000Z0ED
Added Member To Class: ClassName=DRAM Member=Component R136 CRCW04020000Z0ED
Added Member To Class: ClassName=DRAM Member=Component R137 CRCW04020000Z0ED
Added Member To Class: ClassName=DRAM Member=Component R138 CRCW04020000Z0ED
Added Member To Class: ClassName=DRAM Member=Component R139 CRCW04020000Z0ED
Added Member To Class: ClassName=DRAM Member=Component R140 CRCW04020000Z0ED
Added Member To Class: ClassName=DRAM Member=Component R141 CRCW04020000Z0ED
Added Member To Class: ClassName=DRAM Member=Component R142 CRCW04020000Z0ED
Added Member To Class: ClassName=ETHERNET Member=Component R143 CRCW04020000Z0ED
Added Member To Class: ClassName=ETHERNET Member=Component R144 CRCW04020000Z0ED
Added Member To Class: ClassName=ETHERNET Member=Component R145 CRCW04020000Z0ED
Added Member To Class: ClassName=ETHERNET Member=Component R146 CRCW04020000Z0ED
Added Member To Class: ClassName=ETHERNET Member=Component R147 CRCW04020000Z0ED
Added Member To Class: ClassName=ETHERNET Member=Component R148 CRCW04020000Z0ED
Added Member To Class: ClassName=ETHERNET Member=Component R149 CRCW04020000Z0ED
Added Member To Class: ClassName=ETHERNET Member=Component R150 CRCW04020000Z0ED
Added Member To Class: ClassName=ETHERNET Member=Component R151 CRCW04020000Z0ED
Added Member To Class: ClassName=USB Member=Component R152 CRCW04020000Z0ED
Added Member To Class: ClassName=USB Member=Component R153 CRCW04020000Z0ED
Added Member To Class: ClassName=USB Member=Component R154 CRCW04020000Z0ED
Added Member To Class: ClassName=USB Member=Component R155 CRCW04020000Z0ED
Added Member To Class: ClassName=USB Member=Component R156 CRCW04020000Z0ED
Added Member To Class: ClassName=USB Member=Component R157 CRCW04020000Z0ED
Added Member To Class: ClassName=USB Member=Component R158 CRCW04020000Z0ED
Added Member To Class: ClassName=USB Member=Component R159 CRCW04020000Z0ED
Added Member To Class: ClassName=SD CARD Member=Component R160 CRCW04020000Z0ED
Added Member To Class: ClassName=DRAM_CTRL Member=Wire DRAM_RAS
