Added Component: Designator=TP(TEST POINT)
Added Pin To Net: NetName=NetJ101_6 Pin=J101-6
Added Pin To Net: NetName=NetSW101_1 Pin=U100-73
Added Pin To Net: NetName=NetR167_1 Pin=U100-103
Added Pin To Net: NetName=NetR166_1 Pin=U100-105
Added Pin To Net: NetName=NetT101_1 Pin=U100-114
Added Pin To Net: NetName=ETH_RST Pin=U100-117
Added Pin To Net: NetName=ETH_INTP Pin=U100-129
Added Pin To Net: NetName=NetTP_1 Pin=TP-1
Added Pin To Net: NetName=NetTP_1 Pin=U100-87
Added Net: Name=NetTP_1
Added Pin To Net: NetName=NetU100_2 Pin=U100-2
Added Pin To Net: NetName=NetU100_2 Pin=U103-1
Added Net: Name=NetU100_2
Added Pin To Net: NetName=NetU100_66 Pin=U100-66
Added Pin To Net: NetName=NetU100_66 Pin=U104-1
Added Net: Name=NetU100_66
Added Pin To Net: NetName=NetU100_71 Pin=U100-71
Added Pin To Net: NetName=NetU100_71 Pin=U103-17
Added Net: Name=NetU100_71
Added Pin To Net: NetName=NetU100_75 Pin=U100-75
Added Pin To Net: NetName=NetU100_75 Pin=U104-17
Added Net: Name=NetU100_75
Added Member To Class: ClassName=POWER Member=Component C158 02016D104KAT2A
Added Member To Class: ClassName=CPU IO Member=Component TP Test point
