Removed Member From Class: ClassName=CPU IO Member=R104
Removed Member From Class: ClassName=DRAM Member=R145
Removed Member From Class: ClassName=LEDS, BUTTONS Member=R169
Removed Member From Class: ClassName=SD CARD Member=R169
Added Pin To Net: NetName=GND Pin=J102-9
Added Pin To Net: NetName=+3V3 Pin=J102-10
Added Pin To Net: NetName=GND Pin=J102-11
Added Pin To Net: NetName=+3V3 Pin=J102-12
Added Pin To Net: NetName=NetJ102_1 Pin=J102-1
Added Pin To Net: NetName=NetJ102_1 Pin=U100-46
Added Net: Name=NetJ102_1
Added Pin To Net: NetName=NetJ102_2 Pin=J102-2
Added Pin To Net: NetName=NetJ102_2 Pin=U100-47
Added Net: Name=NetJ102_2
Added Pin To Net: NetName=NetJ102_3 Pin=J102-3
Added Pin To Net: NetName=NetJ102_3 Pin=U100-52
Added Net: Name=NetJ102_3
Added Pin To Net: NetName=NetJ102_4 Pin=J102-4
Added Pin To Net: NetName=NetJ102_4 Pin=U100-60
Added Net: Name=NetJ102_4
Added Pin To Net: NetName=NetJ102_5 Pin=J102-5
Added Pin To Net: NetName=NetJ102_5 Pin=U100-63
Added Net: Name=NetJ102_5
Added Pin To Net: NetName=NetJ102_6 Pin=J102-6
Added Pin To Net: NetName=NetJ102_6 Pin=U100-64
Added Net: Name=NetJ102_6
Added Pin To Net: NetName=NetJ102_7 Pin=J102-7
Added Pin To Net: NetName=NetJ102_7 Pin=U100-65
Added Net: Name=NetJ102_7
Added Pin To Net: NetName=NetJ102_8 Pin=J102-8
Added Pin To Net: NetName=NetJ102_8 Pin=U100-67
Added Net: Name=NetJ102_8
Added Member To Class: ClassName=CPU IO Member=Component R102 CRCW04020000Z0ED
Added Member To Class: ClassName=CPU IO Member=Component R103 CRCW04020000Z0ED
Added Member To Class: ClassName=DRAM Member=Component R105 CRCW04020000Z0ED
Added Member To Class: ClassName=DRAM Member=Component R107 CRCW04020000Z0ED
Added Member To Class: ClassName=DRAM Member=Component R109 CRCW04020000Z0ED
Added Member To Class: ClassName=DRAM Member=Component R111 CRCW04020000Z0ED
Added Member To Class: ClassName=DRAM Member=Component R112 CRCW04020000Z0ED
Added Member To Class: ClassName=DRAM Member=Component R114 CRCW04020000Z0ED
Added Member To Class: ClassName=DRAM Member=Component R116 CRCW04020000Z0ED
Added Member To Class: ClassName=DRAM Member=Component R118 CRCW04020000Z0ED
Added Member To Class: ClassName=DRAM Member=Component R120 CRCW04020000Z0ED
Added Member To Class: ClassName=DRAM Member=Component R122 CRCW04020000Z0ED
Added Member To Class: ClassName=DRAM Member=Component R124 CRCW04020000Z0ED
Added Member To Class: ClassName=DRAM Member=Component R126 CRCW04020000Z0ED
Added Member To Class: ClassName=DRAM Member=Component R127 CRCW04020000Z0ED
Added Member To Class: ClassName=DRAM Member=Component R129 CRCW04020000Z0ED
Added Member To Class: ClassName=DRAM Member=Component R131 CRCW04020000Z0ED
Added Member To Class: ClassName=DRAM Member=Component R132 CRCW04020000Z0ED
Added Member To Class: ClassName=DRAM Member=Component R134 CRCW04020000Z0ED
Added Member To Class: ClassName=DRAM Member=Component R135 CRCW04020000Z0ED
Added Member To Class: ClassName=DRAM Member=Component R136 CRCW04020000Z0ED
Added Member To Class: ClassName=DRAM Member=Component R137 CRCW04020000Z0ED
Added Member To Class: ClassName=DRAM Member=Component R139 CRCW04020000Z0ED
Added Member To Class: ClassName=DRAM Member=Component R141 CRCW04020000Z0ED
Added Member To Class: ClassName=DRAM Member=Component R143 CRCW04020000Z0ED
Added Member To Class: ClassName=ETHERNET Member=Component R144 CRCW04020000Z0ED
Added Member To Class: ClassName=ETHERNET Member=Component R146 CRCW04020000Z0ED
Added Member To Class: ClassName=ETHERNET Member=Component R148 CRCW04020000Z0ED
Added Member To Class: ClassName=ETHERNET Member=Component R150 CRCW04020000Z0ED
Added Member To Class: ClassName=ETHERNET Member=Component R151 CRCW04020000Z0ED
Added Member To Class: ClassName=USB Member=Component R153 CRCW04020000Z0ED
Added Member To Class: ClassName=USB Member=Component R155 CRCW04020000Z0ED
Added Member To Class: ClassName=USB Member=Component R157 CRCW04020000Z0ED
Added Member To Class: ClassName=USB Member=Component R159 CRCW04020000Z0ED
Added Member To Class: ClassName=SD CARD Member=Component R161 CRCW04020000Z0ED
Added Member To Class: ClassName=SD CARD Member=Component R163 CRCW04020000Z0ED
Added Member To Class: ClassName=SD CARD Member=Component R165 CRCW04020000Z0ED
Added Member To Class: ClassName=SD CARD Member=Component R166 CRCW04020000Z0ED
Added Member To Class: ClassName=LEDS, BUTTONS Member=Component R167 CRCW04020000Z0ED
Added Member To Class: ClassName=LEDS, BUTTONS Member=Component R168 CRCW04020000Z0ED
Added Member To Class: ClassName=CONNECTORS Member=Component R170 CRCW04020000Z0ED
