Change Component Designator: OldDesignator=R102 NewDesignator=R103
Change Component Designator: OldDesignator=R103 NewDesignator=R104
Change Component Designator: OldDesignator=R104 NewDesignator=R105
Change Component Designator: OldDesignator=R105 NewDesignator=R106
Change Component Designator: OldDesignator=R106 NewDesignator=R107
Change Component Designator: OldDesignator=R107 NewDesignator=R108
Change Component Designator: OldDesignator=R108 NewDesignator=R109
Change Component Designator: OldDesignator=R109 NewDesignator=R110
Change Component Designator: OldDesignator=R110 NewDesignator=R111
Change Component Designator: OldDesignator=R111 NewDesignator=R112
Change Component Designator: OldDesignator=R112 NewDesignator=R113
Change Component Designator: OldDesignator=R113 NewDesignator=R114
Change Component Designator: OldDesignator=R114 NewDesignator=R115
Change Component Designator: OldDesignator=R115 NewDesignator=R116
Change Component Designator: OldDesignator=R116 NewDesignator=R117
Change Component Designator: OldDesignator=R117 NewDesignator=R118
Change Component Designator: OldDesignator=R118 NewDesignator=R119
Change Component Designator: OldDesignator=R119 NewDesignator=R120
Change Component Designator: OldDesignator=R120 NewDesignator=R121
Change Component Designator: OldDesignator=R121 NewDesignator=R122
Change Component Designator: OldDesignator=R122 NewDesignator=R123
Change Component Designator: OldDesignator=R123 NewDesignator=R124
Change Component Designator: OldDesignator=R124 NewDesignator=R125
Change Component Designator: OldDesignator=R125 NewDesignator=R126
Change Component Designator: OldDesignator=R126 NewDesignator=R127
Change Component Designator: OldDesignator=R127 NewDesignator=R128
Change Component Designator: OldDesignator=R128 NewDesignator=R129
Change Component Designator: OldDesignator=R129 NewDesignator=R130
Change Component Designator: OldDesignator=R130 NewDesignator=R131
Change Component Designator: OldDesignator=R131 NewDesignator=R132
Change Component Designator: OldDesignator=R132 NewDesignator=R133
Change Component Designator: OldDesignator=R133 NewDesignator=R134
Change Component Designator: OldDesignator=R134 NewDesignator=R135
Change Component Designator: OldDesignator=R135 NewDesignator=R136
Change Component Designator: OldDesignator=R136 NewDesignator=R137
Change Component Designator: OldDesignator=R137 NewDesignator=R138
Change Component Designator: OldDesignator=R138 NewDesignator=R139
Change Component Designator: OldDesignator=R139 NewDesignator=R140
Change Component Designator: OldDesignator=R140 NewDesignator=R141
Change Component Designator: OldDesignator=R141 NewDesignator=R142
Change Component Designator: OldDesignator=R142 NewDesignator=R143
Change Component Designator: OldDesignator=R143 NewDesignator=R144
Change Component Designator: OldDesignator=R144 NewDesignator=R145
Change Component Designator: OldDesignator=R145 NewDesignator=R146
Change Component Designator: OldDesignator=R146 NewDesignator=R147
Change Component Designator: OldDesignator=R147 NewDesignator=R148
Change Component Designator: OldDesignator=R148 NewDesignator=R149
Change Component Designator: OldDesignator=R149 NewDesignator=R150
Change Component Designator: OldDesignator=R150 NewDesignator=R151
Change Component Designator: OldDesignator=R151 NewDesignator=R152
Change Component Designator: OldDesignator=R152 NewDesignator=R153
Change Component Designator: OldDesignator=R153 NewDesignator=R154
Change Component Designator: OldDesignator=R154 NewDesignator=R155
Change Component Designator: OldDesignator=R155 NewDesignator=R156
Change Component Designator: OldDesignator=R156 NewDesignator=R157
Change Component Designator: OldDesignator=R157 NewDesignator=R158
Change Component Designator: OldDesignator=R158 NewDesignator=R159
Change Component Designator: OldDesignator=R159 NewDesignator=R160
Change Component Designator: OldDesignator=R160 NewDesignator=R161
Change Component Designator: OldDesignator=R161 NewDesignator=R162
Change Component Designator: OldDesignator=R162 NewDesignator=R163
Change Component Designator: OldDesignator=R163 NewDesignator=R164
Change Component Designator: OldDesignator=R164 NewDesignator=R165
Change Component Designator: OldDesignator=R165 NewDesignator=R166
Change Component Designator: OldDesignator=R166 NewDesignator=R167
Change Component Designator: OldDesignator=R167 NewDesignator=R168
Change Component Designator: OldDesignator=R168 NewDesignator=R169
Change Component Designator: OldDesignator=R169 NewDesignator=R170
Change Component Designator: OldDesignator=R170 NewDesignator=R171
Change Component Designator: OldDesignator=R171 NewDesignator=R172
Change Component Designator: OldDesignator=TP NewDesignator=TP100
Added Component: Designator=R102(R0402)
Add component (AddParameter): Name = "Value"; Value = "1K"; VariantName = "[No Variations]"
Added Pin To Net: NetName=+3V3 Pin=R102-2
Change Net Name : Old Net Name=NetR102_1 New Net Name=NetR103_1
Change Net Name : Old Net Name=NetR104_2 New Net Name=NetR105_2
Change Net Name : Old Net Name=NetR105_1 New Net Name=NetR106_1
Change Net Name : Old Net Name=NetR106_2 New Net Name=NetR107_2
Change Net Name : Old Net Name=NetR107_1 New Net Name=NetR108_1
Change Net Name : Old Net Name=NetR108_2 New Net Name=NetR109_2
Change Net Name : Old Net Name=NetR109_1 New Net Name=NetR110_1
Change Net Name : Old Net Name=NetR110_2 New Net Name=NetR111_2
Change Net Name : Old Net Name=NetR111_1 New Net Name=NetR112_1
Change Net Name : Old Net Name=NetR112_2 New Net Name=NetR113_2
Change Net Name : Old Net Name=NetR113_1 New Net Name=NetR114_1
Change Net Name : Old Net Name=NetR114_2 New Net Name=NetR115_2
Change Net Name : Old Net Name=NetR115_1 New Net Name=NetR116_1
Change Net Name : Old Net Name=NetR116_2 New Net Name=NetR117_2
Change Net Name : Old Net Name=NetR117_1 New Net Name=NetR118_1
Change Net Name : Old Net Name=NetR118_2 New Net Name=NetR119_2
Change Net Name : Old Net Name=NetR119_1 New Net Name=NetR120_1
Change Net Name : Old Net Name=NetR120_2 New Net Name=NetR121_2
Change Net Name : Old Net Name=NetR121_1 New Net Name=NetR122_1
Change Net Name : Old Net Name=NetR122_2 New Net Name=NetR123_2
Change Net Name : Old Net Name=NetR123_1 New Net Name=NetR124_1
Change Net Name : Old Net Name=NetR124_2 New Net Name=NetR125_2
Change Net Name : Old Net Name=NetR125_1 New Net Name=NetR126_1
Change Net Name : Old Net Name=NetR126_2 New Net Name=NetR127_2
Change Net Name : Old Net Name=NetR127_1 New Net Name=NetR128_1
Change Net Name : Old Net Name=NetR128_2 New Net Name=NetR129_2
Change Net Name : Old Net Name=NetR129_1 New Net Name=NetR130_1
Change Net Name : Old Net Name=NetR130_1 New Net Name=NetR131_1
Change Net Name : Old Net Name=NetR131_1 New Net Name=NetR132_1
Change Net Name : Old Net Name=NetR132_2 New Net Name=NetR133_2
Change Net Name : Old Net Name=NetR133_1 New Net Name=NetR134_1
Change Net Name : Old Net Name=NetR134_2 New Net Name=NetR135_2
Change Net Name : Old Net Name=NetR135_2 New Net Name=NetR136_2
Change Net Name : Old Net Name=NetR136_2 New Net Name=NetR137_2
Change Net Name : Old Net Name=NetR137_2 New Net Name=NetR138_2
Change Net Name : Old Net Name=NetR138_1 New Net Name=NetR139_1
Change Net Name : Old Net Name=NetR139_2 New Net Name=NetR140_2
Change Net Name : Old Net Name=NetR140_1 New Net Name=NetR141_1
Change Net Name : Old Net Name=NetR141_2 New Net Name=NetR142_2
Change Net Name : Old Net Name=NetR142_2 New Net Name=NetR143_2
Change Net Name : Old Net Name=NetR152_2 New Net Name=NetR153_2
Change Net Name : Old Net Name=NetR153_2 New Net Name=NetR154_2
Change Net Name : Old Net Name=NetR156_2 New Net Name=NetR157_2
Change Net Name : Old Net Name=NetR157_2 New Net Name=NetR158_2
Change Net Name : Old Net Name=NetR166_1 New Net Name=NetR167_1
Change Net Name : Old Net Name=NetR167_1 New Net Name=NetR168_1
Change Net Name : Old Net Name=NetR168_1 New Net Name=NetR169_1
Added Pin To Net: NetName=NetR102_1 Pin=R102-1
Added Pin To Net: NetName=NetR102_1 Pin=TP100-1
Added Pin To Net: NetName=NetR102_1 Pin=U100-87
Added Net: Name=NetR102_1
Added Member To Class: ClassName=CPU IO Member=Component R103 CRCW04020000Z0ED
