Removed Member From Class: ClassName=LEDS, BUTTONS Member=R168
Removed Member From Class: ClassName=SD CARD Member=R168
Change Component Designator: OldDesignator=C158 NewDesignator=C161
Added Component: Designator=C158(C0603)
Add component (AddParameter): Name = "Value"; Value = "1uF"; VariantName = "[No Variations]"
Added Component: Designator=C159(C0603)
Add component (AddParameter): Name = "Value"; Value = "1uF"; VariantName = "[No Variations]"
Added Component: Designator=C160(C0603)
Add component (AddParameter): Name = "Value"; Value = "1uF"; VariantName = "[No Variations]"
Added Pin To Net: NetName=GND Pin=C158-1
Added Pin To Net: NetName=+5V Pin=C158-2
Added Pin To Net: NetName=GND Pin=C159-1
Added Pin To Net: NetName=+5V Pin=C159-2
Added Pin To Net: NetName=GND Pin=C160-1
Added Pin To Net: NetName=+5V Pin=C160-2
Added Pin To Net: NetName=GND Pin=J101-6
Change Net Color : Old Net Color=RGB(158, 161, 117) New Net Color=Default
Change Net Color : Old Net Color=RGB(158, 161, 117) New Net Color=Default
Change Net Color : Old Net Color=RGB(158, 161, 117) New Net Color=Default
Added Member To Class: ClassName=POWER Member=Component C159 02016D104KAT2A
Added Member To Class: ClassName=POWER Member=Component C160 02016D104KAT2A
Added Member To Class: ClassName=POWER Member=Component C161 02016D104KAT2A
Added Member To Class: ClassName=SD CARD Member=Component R165 CRCW04020000Z0ED
Added Member To Class: ClassName=LEDS, BUTTONS Member=Component R166 CRCW04020000Z0ED
Added Member To Class: ClassName=LEDS, BUTTONS Member=Component R167 CRCW04020000Z0ED
Added Member To Class: ClassName=CONNECTORS Member=Component R169 CRCW04020000Z0ED
