Removed Pin From Net: NetName=GND Pin=C133-1
Removed Pin From Net: NetName=ETH_RST Pin=C133-2
Removed Pin From Net: NetName=DRAM_CS Pin=U100-18
Removed Pin From Net: NetName=DRAM_BA0 Pin=U100-22
Removed Pin From Net: NetName=DRAM_CAS Pin=U100-74
Removed Pin From Net: NetName=DRAM_CAS Pin=U100-78
Removed Pin From Net: NetName=DRAM_CKE Pin=U100-84
Removed Pin From Net: NetName=DRAM_BA1 Pin=U100-102
Removed Pin From Net: NetName=DRAM_DQMH Pin=U100-106
Removed Pin From Net: NetName=DRAM_WE Pin=U100-108
Removed Pin From Net: NetName=DRAM_DQML Pin=U100-111
Removed Member From Class: ClassName=CPU IO Member=R105
Removed Member From Class: ClassName=USB Member=R151
Removed Member From Class: ClassName=SD CARD Member=R156
Removed Member From Class: ClassName=LEDS, BUTTONS Member=R158
Change Component Footprint: Designator=C101 Old Footprint=C0402 New Footprint=C0603
Change Component Footprint: Designator=C106 Old Footprint=C0402 New Footprint=C0603
Change Component Comment : Designator=X100 Old Comment=25MHz New Comment=16MHz
Change Component Comment : Designator=C101 Old Comment=04023C103KAT2A New Comment=02016D104KAT2A
Change Component Comment : Designator=C106 Old Comment=04023C103KAT2A New Comment=02016D104KAT2A
Change Component Designator: OldDesignator=C134 NewDesignator=C133
Change Component Designator: OldDesignator=R132 NewDesignator=R133
Change Component Designator: OldDesignator=R133 NewDesignator=R137
Change Component Designator: OldDesignator=R134 NewDesignator=R143
Change Component Designator: OldDesignator=R135 NewDesignator=R144
Change Component Designator: OldDesignator=R136 NewDesignator=R145
Change Component Designator: OldDesignator=R137 NewDesignator=R146
Change Component Designator: OldDesignator=R138 NewDesignator=R147
Change Component Designator: OldDesignator=R139 NewDesignator=R148
Change Component Designator: OldDesignator=R140 NewDesignator=R149
Change Component Designator: OldDesignator=R141 NewDesignator=R150
Change Component Designator: OldDesignator=R142 NewDesignator=R151
Change Component Designator: OldDesignator=R143 NewDesignator=R152
Change Component Designator: OldDesignator=R144 NewDesignator=R153
Change Component Designator: OldDesignator=R145 NewDesignator=R154
Change Component Designator: OldDesignator=R146 NewDesignator=R155
Change Component Designator: OldDesignator=R147 NewDesignator=R156
Change Component Designator: OldDesignator=R148 NewDesignator=R157
Change Component Designator: OldDesignator=R149 NewDesignator=R158
Change Component Designator: OldDesignator=R150 NewDesignator=R159
Change Component Designator: OldDesignator=R151 NewDesignator=R160
Change Component Designator: OldDesignator=R152 NewDesignator=R161
Change Component Designator: OldDesignator=R153 NewDesignator=R162
Change Component Designator: OldDesignator=R154 NewDesignator=R163
Change Component Designator: OldDesignator=R155 NewDesignator=R164
Change Component Designator: OldDesignator=R156 NewDesignator=R165
Change Component Designator: OldDesignator=R157 NewDesignator=R166
Change Component Designator: OldDesignator=R158 NewDesignator=R168
Change Component Designator: OldDesignator=R159 NewDesignator=R169
Change Component Designator: OldDesignator=R160 NewDesignator=R170
Change component parameters: Designator = "X100" ("X100"); Footprint = "MCSJK-7U-16.00-12-10-80-B-10"; UniqueID = "\PGLMADTZ" ("\PGLMADTZ")
Change component parameters (AddParameter): Name = "Supplier 1"; Value = "Farnell"; VariantName = "[No Variations]"
Change component parameters (AddParameter): Name = "Supplier Part Number 1"; Value = "1674655"; VariantName = "[No Variations]"
Change component parameters: Designator = "C108" ("C108"); Footprint = "C0402"; UniqueID = "\SIFFWLWA" ("\SIFFWLWA")
Change component parameters (AddParameter): Name = "Value"; Value = "2.2uF"; VariantName = "[No Variations]"
Change component parameters: Designator = "C137" ("C137"); Footprint = "C0402"; UniqueID = "\CXNTRQXB" ("\CXNTRQXB")
Change component parameters (AddParameter): Name = "Value"; Value = "22pF"; VariantName = "[No Variations]"
Change component parameters: Designator = "C138" ("C138"); Footprint = "C0402"; UniqueID = "\EBDNJVKB" ("\EBDNJVKB")
Change component parameters (AddParameter): Name = "Value"; Value = "22pF"; VariantName = "[No Variations]"
Change component parameters: Designator = "C142" ("C142"); Footprint = "C0402"; UniqueID = "\HAIMZMLF" ("\HAIMZMLF")
Change component parameters (AddParameter): Name = "Value"; Value = "47pF"; VariantName = "[No Variations]"
Change component parameters: Designator = "C143" ("C143"); Footprint = "C0402"; UniqueID = "\JSPOHZRS" ("\JSPOHZRS")
Change component parameters (AddParameter): Name = "Value"; Value = "47pF"; VariantName = "[No Variations]"
Change component parameters: Designator = "C148" ("C148"); Footprint = "C0402"; UniqueID = "\LDQCXXEL" ("\LDQCXXEL")
Change component parameters (AddParameter): Name = "Value"; Value = "47pF"; VariantName = "[No Variations]"
Change component parameters: Designator = "C149" ("C149"); Footprint = "C0402"; UniqueID = "\CBEDOECD" ("\CBEDOECD")
Change component parameters (AddParameter): Name = "Value"; Value = "47pF"; VariantName = "[No Variations]"
Change component parameters: Designator = "R143" ("R152"); Footprint = "R0402"; UniqueID = "\QNUJRKFB" ("\QNUJRKFB")
Change component parameters (AddParameter): Name = "Value"; Value = "27R"; VariantName = "[No Variations]"
Change component parameters: Designator = "R144" ("R153"); Footprint = "R0402"; UniqueID = "\LUMEBVYT" ("\LUMEBVYT")
Change component parameters (AddParameter): Name = "Value"; Value = "27R"; VariantName = "[No Variations]"
Change component parameters: Designator = "R145" ("R154"); Footprint = "R0402"; UniqueID = "\GCCCNGAE" ("\GCCCNGAE")
Change component parameters (AddParameter): Name = "Value"; Value = "300R"; VariantName = "[No Variations]"
Change component parameters: Designator = "R146" ("R155"); Footprint = "R0402"; UniqueID = "\DOTKXWHR" ("\DOTKXWHR")
Change component parameters (AddParameter): Name = "Value"; Value = "300R"; VariantName = "[No Variations]"
Change component parameters: Designator = "R147" ("R156"); Footprint = "R0402"; UniqueID = "\RZURLFSM" ("\RZURLFSM")
Change component parameters (AddParameter): Name = "Value"; Value = "27R"; VariantName = "[No Variations]"
Change component parameters: Designator = "R148" ("R157"); Footprint = "R0402"; UniqueID = "\VLDYDGPC" ("\VLDYDGPC")
Change component parameters (AddParameter): Name = "Value"; Value = "27R"; VariantName = "[No Variations]"
Change component parameters: Designator = "R149" ("R158"); Footprint = "R0402"; UniqueID = "\VHSEQGWS" ("\VHSEQGWS")
Change component parameters (AddParameter): Name = "Value"; Value = "300R"; VariantName = "[No Variations]"
Change component parameters: Designator = "R150" ("R159"); Footprint = "R0402"; UniqueID = "\XPPGJATS" ("\XPPGJATS")
Change component parameters (AddParameter): Name = "Value"; Value = "300R"; VariantName = "[No Variations]"
Added Component: Designator=C134(C0603)
Add component (AddParameter): Name = "Value"; Value = "10uF"; VariantName = "[No Variations]"
Added Component: Designator=R132(R0402)
Add component (AddParameter): Name = "Value"; Value = "22R"; VariantName = "[No Variations]"
Added Component: Designator=R134(R0402)
Add component (AddParameter): Name = "Value"; Value = "22R"; VariantName = "[No Variations]"
Added Component: Designator=R135(R0402)
Add component (AddParameter): Name = "Value"; Value = "22R"; VariantName = "[No Variations]"
Added Component: Designator=R136(R0402)
Add component (AddParameter): Name = "Value"; Value = "22R"; VariantName = "[No Variations]"
Added Component: Designator=R138(R0402)
Add component (AddParameter): Name = "Value"; Value = "22R"; VariantName = "[No Variations]"
Added Component: Designator=R139(R0402)
Add component (AddParameter): Name = "Value"; Value = "22R"; VariantName = "[No Variations]"
Added Component: Designator=R140(R0402)
Add component (AddParameter): Name = "Value"; Value = "22R"; VariantName = "[No Variations]"
Added Component: Designator=R141(R0402)
Add component (AddParameter): Name = "Value"; Value = "22R"; VariantName = "[No Variations]"
Added Component: Designator=R142(R0402)
Add component (AddParameter): Name = "Value"; Value = "22R"; VariantName = "[No Variations]"
Added Component: Designator=R167(R0603)
Add component (AddParameter): Name = "Value"; Value = "1K"; VariantName = "[No Variations]"
Added Component: Designator=T101(DMG6968U)
Add component (AddParameter): Name = "Cont. drain current"; Value = "6.5A"; VariantName = "[No Variations]"
Add component (AddParameter): Name = "Supplier 1"; Value = "Farnell"; VariantName = "[No Variations]"
Add component (AddParameter): Name = "Supplier Part Number 1"; Value = "1843757"; VariantName = "[No Variations]"
Add component (AddParameter): Name = "Threshold voltage"; Value = "500mV"; VariantName = "[No Variations]"
Added Pin To Net: NetName=GND Pin=C134-1
Added Pin To Net: NetName=ETH_RST Pin=C134-2
Added Pin To Net: NetName=DRAM_CS Pin=R132-2
Added Pin To Net: NetName=DRAM_CAS Pin=R134-2
Added Pin To Net: NetName=DRAM_CAS Pin=R135-2
Added Pin To Net: NetName=DRAM_WE Pin=R136-2
Added Pin To Net: NetName=DRAM_DQMH Pin=R138-1
Added Pin To Net: NetName=DRAM_CKE Pin=R139-2
Added Pin To Net: NetName=DRAM_DQML Pin=R140-1
Added Pin To Net: NetName=DRAM_BA0 Pin=R141-2
Added Pin To Net: NetName=DRAM_BA1 Pin=R142-2
Added Pin To Net: NetName=+5V Pin=R167-2
Added Pin To Net: NetName=GND Pin=T101-2
Change Net Name : Old Net Name=NetC134_2 New Net Name=NetC133_2
Change Net Name : Old Net Name=NetR132_2 New Net Name=NetR133_2
Change Net Name : Old Net Name=NetR133_1 New Net Name=NetR137_1
Change Net Name : Old Net Name=NetR143_2 New Net Name=NetR152_2
Change Net Name : Old Net Name=NetR144_2 New Net Name=NetR153_2
Change Net Name : Old Net Name=NetR147_2 New Net Name=NetR156_2
Change Net Name : Old Net Name=NetR148_2 New Net Name=NetR157_2
Change Net Name : Old Net Name=NetR156_1 New Net Name=NetR165_1
Change Net Name : Old Net Name=NetR157_1 New Net Name=NetR166_1
Added Pin To Net: NetName=NetR132_1 Pin=R132-1
Added Pin To Net: NetName=NetR132_1 Pin=U100-18
Added Net: Name=NetR132_1
Added Pin To Net: NetName=NetR134_1 Pin=R134-1
Added Pin To Net: NetName=NetR134_1 Pin=U100-78
Added Net: Name=NetR134_1
Added Pin To Net: NetName=NetR135_1 Pin=R135-1
Added Pin To Net: NetName=NetR135_1 Pin=U100-74
Added Net: Name=NetR135_1
Added Pin To Net: NetName=NetR136_1 Pin=R136-1
Added Pin To Net: NetName=NetR136_1 Pin=U100-108
Added Net: Name=NetR136_1
Added Pin To Net: NetName=NetR138_2 Pin=R138-2
Added Pin To Net: NetName=NetR138_2 Pin=U100-106
Added Net: Name=NetR138_2
Added Pin To Net: NetName=NetR139_1 Pin=R139-1
Added Pin To Net: NetName=NetR139_1 Pin=U100-84
Added Net: Name=NetR139_1
Added Pin To Net: NetName=NetR140_2 Pin=R140-2
Added Pin To Net: NetName=NetR140_2 Pin=U100-111
Added Net: Name=NetR140_2
Added Pin To Net: NetName=NetR141_1 Pin=R141-1
Added Pin To Net: NetName=NetR141_1 Pin=U100-22
Added Net: Name=NetR141_1
Added Pin To Net: NetName=NetR142_1 Pin=R142-1
Added Pin To Net: NetName=NetR142_1 Pin=U100-102
Added Net: Name=NetR142_1
Added Pin To Net: NetName=NetR167_1 Pin=R167-1
Added Pin To Net: NetName=NetR167_1 Pin=T100-1
Added Pin To Net: NetName=NetR167_1 Pin=T101-3
Added Net: Name=NetR167_1
Added Pin To Net: NetName=NetT101_1 Pin=T101-1
Added Net: Name=NetT101_1
Added Member To Class: ClassName=CPU IO Member=Component R102 CRCW04020000Z0ED
Added Member To Class: ClassName=DRAM Member=Component R103 CRCW04020000Z0ED
Added Member To Class: ClassName=DRAM Member=Component R104 CRCW04020000Z0ED
Added Member To Class: ClassName=DRAM Member=Component R106 CRCW04020000Z0ED
Added Member To Class: ClassName=DRAM Member=Component R108 CRCW04020000Z0ED
Added Member To Class: ClassName=DRAM Member=Component R110 CRCW04020000Z0ED
Added Member To Class: ClassName=DRAM Member=Component R112 CRCW04020000Z0ED
Added Member To Class: ClassName=DRAM Member=Component R114 CRCW04020000Z0ED
Added Member To Class: ClassName=DRAM Member=Component R116 CRCW04020000Z0ED
Added Member To Class: ClassName=DRAM Member=Component R117 CRCW04020000Z0ED
Added Member To Class: ClassName=DRAM Member=Component R119 CRCW04020000Z0ED
Added Member To Class: ClassName=DRAM Member=Component R120 CRCW04020000Z0ED
Added Member To Class: ClassName=DRAM Member=Component R122 CRCW04020000Z0ED
Added Member To Class: ClassName=DRAM Member=Component R123 CRCW04020000Z0ED
Added Member To Class: ClassName=DRAM Member=Component R124 CRCW04020000Z0ED
Added Member To Class: ClassName=DRAM Member=Component R126 CRCW04020000Z0ED
Added Member To Class: ClassName=DRAM Member=Component R127 CRCW04020000Z0ED
Added Member To Class: ClassName=DRAM Member=Component R129 CRCW04020000Z0ED
Added Member To Class: ClassName=DRAM Member=Component R131 CRCW04020000Z0ED
Added Member To Class: ClassName=DRAM Member=Component R133 CRCW04020000Z0ED
Added Member To Class: ClassName=DRAM Member=Component R134 CRCW04020000Z0ED
Added Member To Class: ClassName=DRAM Member=Component R136 CRCW04020000Z0ED
Added Member To Class: ClassName=DRAM Member=Component R137 CRCW04020000Z0ED
Added Member To Class: ClassName=DRAM Member=Component R138 CRCW04020000Z0ED
Added Member To Class: ClassName=DRAM Member=Component R139 CRCW04020000Z0ED
Added Member To Class: ClassName=DRAM Member=Component R140 CRCW04020000Z0ED
Added Member To Class: ClassName=DRAM Member=Component R141 CRCW04020000Z0ED
Added Member To Class: ClassName=DRAM Member=Component R142 CRCW04020000Z0ED
Added Member To Class: ClassName=ETHERNET Member=Component R143 CRCW04020000Z0ED
Added Member To Class: ClassName=ETHERNET Member=Component R146 CRCW04020000Z0ED
Added Member To Class: ClassName=ETHERNET Member=Component R147 CRCW04020000Z0ED
Added Member To Class: ClassName=ETHERNET Member=Component R149 CRCW04020000Z0ED
Added Member To Class: ClassName=ETHERNET Member=Component R151 CRCW04020000Z0ED
Added Member To Class: ClassName=USB Member=Component R152 CRCW04020000Z0ED
Added Member To Class: ClassName=USB Member=Component R153 CRCW04020000Z0ED
Added Member To Class: ClassName=USB Member=Component R155 CRCW04020000Z0ED
Added Member To Class: ClassName=USB Member=Component R157 CRCW04020000Z0ED
Added Member To Class: ClassName=USB Member=Component R159 CRCW04020000Z0ED
Added Member To Class: ClassName=SD CARD Member=Component R161 CRCW04020000Z0ED
Added Member To Class: ClassName=SD CARD Member=Component R162 CRCW04020000Z0ED
Added Member To Class: ClassName=SD CARD Member=Component R164 CRCW04020000Z0ED
Added Member To Class: ClassName=LEDS, BUTTONS Member=Component R166 CRCW04020000Z0ED
Added Member To Class: ClassName=CONNECTORS Member=Component R167 CPF-A-0603B100KE1
Added Member To Class: ClassName=CONNECTORS Member=Component R169 CRCW04020000Z0ED
Added Member To Class: ClassName=CONNECTORS Member=Component T101 DMG6968U
