Change Component Designator: OldDesignator=C120 NewDesignator=C122
Change Component Designator: OldDesignator=C121 NewDesignator=C123
Change Component Designator: OldDesignator=C122 NewDesignator=C124
Change Component Designator: OldDesignator=C123 NewDesignator=C125
Change Component Designator: OldDesignator=C124 NewDesignator=C126
Change Component Designator: OldDesignator=C125 NewDesignator=C127
Change Component Designator: OldDesignator=C126 NewDesignator=C128
Change Component Designator: OldDesignator=C127 NewDesignator=C129
Change Component Designator: OldDesignator=C128 NewDesignator=C130
Change Component Designator: OldDesignator=C129 NewDesignator=C131
Change Component Designator: OldDesignator=C130 NewDesignator=C132
Change Component Designator: OldDesignator=C131 NewDesignator=C133
Change Component Designator: OldDesignator=C132 NewDesignator=C134
Change Component Designator: OldDesignator=C133 NewDesignator=C135
Change Component Designator: OldDesignator=C134 NewDesignator=C136
Change Component Designator: OldDesignator=C135 NewDesignator=C137
Change Component Designator: OldDesignator=C136 NewDesignator=C138
Change Component Designator: OldDesignator=C137 NewDesignator=C139
Change Component Designator: OldDesignator=C138 NewDesignator=C140
Change Component Designator: OldDesignator=C139 NewDesignator=C141
Change Component Designator: OldDesignator=C140 NewDesignator=C142
Change Component Designator: OldDesignator=C141 NewDesignator=C143
Change Component Designator: OldDesignator=C142 NewDesignator=C144
Change Component Designator: OldDesignator=C143 NewDesignator=C145
Change Component Designator: OldDesignator=C144 NewDesignator=C146
Change Component Designator: OldDesignator=C145 NewDesignator=C147
Change Component Designator: OldDesignator=C146 NewDesignator=C148
Change Component Designator: OldDesignator=C147 NewDesignator=C149
Change Component Designator: OldDesignator=C148 NewDesignator=C150
Change Component Designator: OldDesignator=C149 NewDesignator=C151
Change Component Designator: OldDesignator=C150 NewDesignator=C152
Change Component Designator: OldDesignator=C151 NewDesignator=C153
Change Component Designator: OldDesignator=C152 NewDesignator=C154
Change Component Designator: OldDesignator=C153 NewDesignator=C155
Change Component Designator: OldDesignator=C154 NewDesignator=C156
Change Component Designator: OldDesignator=C155 NewDesignator=C157
Change Component Designator: OldDesignator=C156 NewDesignator=C158
Change Component Designator: OldDesignator=X100 NewDesignator=X101
Added Component: Designator=C120(C0402)
Add component (AddParameter): Name = "Value"; Value = "100nF"; VariantName = "[No Variations]"
Added Component: Designator=C121(C0402)
Add component (AddParameter): Name = "Value"; Value = "100nF"; VariantName = "[No Variations]"
Added Component: Designator=X100(MCSJK-7U-12.00-12-30-80-B-30)
Add component (AddParameter): Name = "Supplier 1"; Value = "Farnell"; VariantName = "[No Variations]"
Add component (AddParameter): Name = "Supplier Part Number 1"; Value = "2853917"; VariantName = "[No Variations]"
Added Pin To Net: NetName=GND Pin=C120-1
Added Pin To Net: NetName=GND Pin=C121-1
Added Pin To Net: NetName=GND Pin=X100-2
Added Pin To Net: NetName=GND Pin=X100-4
Change Net Name : Old Net Name=NetC131_2 New Net Name=NetC133_2
Change Net Name : Old Net Name=NetC135_2 New Net Name=NetC137_2
Change Net Name : Old Net Name=NetC137_2 New Net Name=NetC139_2
Change Net Name : Old Net Name=NetC138_2 New Net Name=NetC140_2
Change Net Name : Old Net Name=NetC139_2 New Net Name=NetC141_2
Change Net Name : Old Net Name=NetC140_2 New Net Name=NetC142_2
Change Net Name : Old Net Name=NetC142_2 New Net Name=NetC144_2
Change Net Name : Old Net Name=NetC146_2 New Net Name=NetC148_2
Change Net Name : Old Net Name=NetC148_2 New Net Name=NetC150_2
Change Net Name : Old Net Name=NetC152_2 New Net Name=NetC154_2
Added Pin To Net: NetName=NetC120_2 Pin=C120-2
Added Pin To Net: NetName=NetC120_2 Pin=U100-142
Added Pin To Net: NetName=NetC120_2 Pin=X100-3
Added Net: Name=NetC120_2
Added Pin To Net: NetName=NetC121_2 Pin=C121-2
Added Pin To Net: NetName=NetC121_2 Pin=U100-141
Added Pin To Net: NetName=NetC121_2 Pin=X100-1
Added Net: Name=NetC121_2
Added Member To Class: ClassName=CPU IO Member=Component C120 04023C103KAT2A
Added Member To Class: ClassName=CPU IO Member=Component C121 04023C103KAT2A
Added Member To Class: ClassName=CPU IO Member=Component X100 12MHz
